* using log directory 'C:/Users/abiga/Documents/AbigailYuenAssignmentB/AssignmentB2/perfect.Rcheck'
* using R version 4.1.1 (2021-08-10)
* using platform: x86_64-w64-mingw32 (64-bit)
* using session charset: ISO8859-1
* using options '--no-manual --as-cran'
* checking for file 'perfect/DESCRIPTION' ... OK
* this is package 'perfect' version '0.0.0.9000'
* package encoding: UTF-8
* checking package namespace information ... OK
* checking package dependencies ... OK
* checking if this is a source package ... OK
* checking if there is a namespace ... OK
* checking for executable files ... OK
* checking for hidden files and directories ... OK
* checking for portable file names ... OK
* checking serialization versions ... OK
* checking whether package 'perfect' can be installed ... OK
* checking installed package size ... OK
* checking package directory ... OK
* checking for future file timestamps ... OK
* checking DESCRIPTION meta-information ... OK
* checking top-level files ... OK
* checking for left-over files ... OK
* checking index information ... OK
* checking package subdirectories ... OK
* checking R files for non-ASCII characters ... OK
* checking R files for syntax errors ... OK
* checking whether the package can be loaded ... OK
* checking whether the package can be loaded with stated dependencies ... OK
* checking whether the package can be unloaded cleanly ... OK
* checking whether the namespace can be loaded with stated dependencies ... OK
* checking whether the namespace can be unloaded cleanly ... OK
* checking loading without being on the library search path ... OK
* checking dependencies in R code ... OK
* checking S3 generic/method consistency ... OK
* checking replacement functions ... OK
* checking foreign function calls ... OK
* checking R code for possible problems ... NOTE
total_perf: no visible binding for global variable 'total'
total_perf: no visible binding for global variable '..density..'
Undefined global functions or variables:
  ..density.. total
* checking Rd files ... OK
* checking Rd metadata ... OK
* checking Rd line widths ... OK
* checking Rd cross-references ... OK
* checking for missing documentation entries ... OK
* checking for code/documentation mismatches ... OK
* checking Rd \usage sections ... WARNING
Undocumented arguments in documentation object 'total_perf'
  'na.rm'

Functions with \usage entries need to have the appropriate \alias
entries, and all their arguments documented.
The \usage entries must correspond to syntactically valid R code.
See chapter 'Writing R documentation files' in the 'Writing R
Extensions' manual.
* checking Rd contents ... OK
* checking for unstated dependencies in examples ... OK
* checking examples ... ERROR
Running examples in 'perfect-Ex.R' failed
The error most likely occurred in:

> base::assign(".ptime", proc.time(), pos = "CheckExEnv")
> ### Name: total_perf
> ### Title: Creating histogram (for perfectionism measures)
> ### Aliases: total_perf
> 
> ### ** Examples
> 
> # These examples only work with a specific dataset.
> # Please contact author for more information
> total_perf(cps, C_SOP, C_SPP, C_OOP)
Error in total_perf(cps, C_SOP, C_SPP, C_OOP) : 
  could not find function "total_perf"
Execution halted
* checking for unstated dependencies in 'tests' ... OK
* checking tests ... ERROR
  Running 'testthat.R'
Running the tests in 'tests/testthat.R' failed.
Last 13 lines of output:
  -- Error (test-perfect.R:13:3): function cannot add non-numeric values ---------
  Error: object 'steam_games' not found
  Backtrace:
      x
   1. +-testthat::expect_error(...) test-perfect.R:13:2
   2. | \-testthat:::expect_condition_matching(...)
   3. |   \-testthat:::quasi_capture(...)
   4. |     +-testthat:::.capture(...)
   5. |     | \-base::withCallingHandlers(...)
   6. |     \-rlang::eval_bare(quo_get_expr(.quo), quo_get_env(.quo))
   7. \-perfect:::total_perf(steam_games, name, orignal_price, discount_price)
  
  [ FAIL 3 | WARN 0 | SKIP 0 | PASS 0 ]
  Error: Test failures
  Execution halted
* checking for non-standard things in the check directory ... OK
* checking for detritus in the temp directory ... OK
* DONE
Status: 2 ERRORs, 1 WARNING, 1 NOTE
